[2025-05-08T21:17:05.407Z] GET /
[2025-05-08T21:17:05.432Z] GET /css/style.css
[2025-05-08T21:17:05.602Z] GET /favicon.ico
[2025-05-08T21:17:08.263Z] GET /register
[2025-05-08T21:18:48.011Z] GET /register
[2025-05-08T21:19:01.861Z] POST /graphql
[2025-05-08T21:19:17.191Z] GET /graphql
[2025-05-08T21:22:06.350Z] GET /register
[2025-05-08T21:22:14.463Z] POST /graphql
[2025-05-08T21:23:26.745Z] GET /register
[2025-05-08T21:23:36.547Z] GET /register
[2025-05-08T21:23:40.287Z] POST /graphql
[2025-05-08T21:23:42.305Z] GET /
[2025-05-08T21:23:42.342Z] GET /css/style.css
[2025-05-08T21:24:07.814Z] GET /
[2025-05-08T21:24:12.722Z] POST /graphql
[2025-05-08T21:24:12.795Z] GET /user/dashboard
[2025-05-08T21:25:18.054Z] GET /
[2025-05-08T21:25:21.396Z] POST /graphql
[2025-05-08T21:25:21.467Z] GET /user/dashboard
[2025-05-08T21:26:24.351Z] GET /
[2025-05-08T21:26:24.825Z] GET /
[2025-05-08T21:26:28.083Z] POST /graphql
[2025-05-08T21:26:28.149Z] GET /user/dashboard
[2025-05-08T21:27:48.247Z] GET /
[2025-05-08T21:27:51.626Z] POST /graphql
[2025-05-08T21:27:51.702Z] GET /user/dashboard
[2025-05-08T21:31:54.351Z] GET /
[2025-05-08T21:31:58.022Z] POST /graphql
[2025-05-08T21:31:58.098Z] GET /user/dashboard
[2025-05-08T21:33:27.822Z] GET /
[2025-05-08T21:33:31.274Z] POST /graphql
[2025-05-08T21:33:31.348Z] GET /user/dashboard
[2025-05-08T21:33:31.353Z] GET /
[2025-05-08T21:33:37.944Z] POST /graphql
[2025-05-08T21:33:38.021Z] GET /user/dashboard
[2025-05-08T21:33:38.026Z] GET /
[2025-05-08T21:35:28.898Z] GET /
[2025-05-08T21:35:32.094Z] POST /graphql
[2025-05-08T21:35:32.179Z] GET /user/dashboard?token=eyJhbGciOiJIUzI1NiIsInR5cCI6IkpXVCJ9.eyJpZCI6IjY4MWQyMGRjYzI4MTVkYWJlZGJlNGM2ZSIsIm5hbWUiOiJBYmhpcmFtIiwiZW1haWwiOiJhYmhpa290aGFndW5kdUBnbWFpbC5jb20iLCJyb2xlIjoidXNlciIsImlhdCI6MTc0Njc0MDEzMiwiZXhwIjoxNzQ2ODI2NTMyfQ.U5PqqGo9Ob0Eg1y4TQx6nwkJug7NSQAlq4yW7ry1H2g
[2025-05-08T21:35:32.213Z] GET /css/style.css
[2025-05-08T21:35:32.260Z] POST /graphql
[2025-05-08T21:35:33.484Z] GET /user/rooms
[2025-05-08T21:35:34.493Z] GET /css/style.css
[2025-05-08T21:35:35.125Z] GET /user/bookings
[2025-05-08T21:35:36.639Z] GET /logout
[2025-05-08T21:35:42.154Z] GET /
[2025-05-08T21:35:43.442Z] GET /register
[2025-05-08T21:35:48.912Z] GET /register
[2025-05-08T21:35:53.999Z] GET /admin/register
[2025-05-08T21:36:07.023Z] GET /register/admin
[2025-05-08T21:36:07.056Z] GET /css/style.css
[2025-05-08T21:37:24.305Z] POST /graphql
[2025-05-08T21:37:30.380Z] GET /register/admin
[2025-05-08T21:37:30.398Z] GET /css/style.css
[2025-05-08T21:37:40.578Z] POST /graphql
[2025-05-08T21:46:54.585Z] GET /register/admin
[2025-05-08T21:46:54.647Z] GET /css/style.css
[2025-05-08T21:46:54.772Z] GET /css/style.css
[2025-05-08T21:46:57.949Z] GET /register
[2025-05-08T21:46:59.485Z] GET /
[2025-05-08T21:47:02.856Z] POST /graphql
[2025-05-08T21:47:02.936Z] GET /user/dashboard?token=eyJhbGciOiJIUzI1NiIsInR5cCI6IkpXVCJ9.eyJpZCI6IjY4MWQyMGRjYzI4MTVkYWJlZGJlNGM2ZSIsIm5hbWUiOiJBYmhpcmFtIiwiZW1haWwiOiJhYmhpa290aGFndW5kdUBnbWFpbC5jb20iLCJyb2xlIjoidXNlciIsImlhdCI6MTc0Njc0MDgyMiwiZXhwIjoxNzQ2ODI3MjIyfQ.s3invbgHQkX4f-l3lPG2sw9ZWhzj79TT0D6OcUfSACY
[2025-05-08T21:47:02.978Z] GET /css/style.css
[2025-05-08T21:47:03.009Z] POST /graphql
[2025-05-08T21:47:03.014Z] POST /graphql
[2025-05-08T21:47:12.107Z] GET /admin/admin_login
[2025-05-08T21:47:16.304Z] GET /admin/admin_login
[2025-05-08T21:47:18.916Z] GET /admin/
[2025-05-08T21:47:19.990Z] GET /admin/admin_login
[2025-05-08T21:47:22.022Z] GET /register
[2025-05-08T21:47:58.810Z] POST /graphql
[2025-05-08T21:48:03.384Z] POST /graphql
[2025-05-08T21:48:05.582Z] GET /register
[2025-05-08T21:48:08.417Z] GET /register/admin
[2025-05-08T21:48:08.461Z] GET /css/style.css
[2025-05-08T21:48:27.536Z] POST /graphql
[2025-05-08T21:48:29.328Z] GET /
[2025-05-08T21:48:40.147Z] POST /graphql
[2025-05-08T21:48:53.843Z] POST /graphql
[2025-05-08T21:48:53.915Z] GET /admin/dashboard?token=eyJhbGciOiJIUzI1NiIsInR5cCI6IkpXVCJ9.eyJpZCI6IjY4MWQyNmFiM2JkYjgwYzlhMzc5NjdiMCIsIm5hbWUiOiJhZG1pbjEiLCJlbWFpbCI6ImFkbWluMUBnbWFpbC5jb20iLCJyb2xlIjoiYWRtaW4iLCJpYXQiOjE3NDY3NDA5MzMsImV4cCI6MTc0NjgyNzMzM30.4Ylw5jTGeiBPFrbIXMtlnoKfc49RGLM_gojm0UUt-5w
[2025-05-08T21:48:53.972Z] GET /css/style.css
[2025-05-08T21:48:54.014Z] POST /graphql
[2025-05-08T21:48:54.020Z] POST /graphql
[2025-05-08T21:49:04.140Z] POST /graphql
[2025-05-08T21:49:05.400Z] POST /graphql
[2025-05-08T21:49:10.180Z] GET /
[2025-05-08T21:49:13.587Z] POST /graphql
[2025-05-08T21:49:13.659Z] GET /user/dashboard?token=eyJhbGciOiJIUzI1NiIsInR5cCI6IkpXVCJ9.eyJpZCI6IjY4MWQyMGRjYzI4MTVkYWJlZGJlNGM2ZSIsIm5hbWUiOiJBYmhpcmFtIiwiZW1haWwiOiJhYmhpa290aGFndW5kdUBnbWFpbC5jb20iLCJyb2xlIjoidXNlciIsImlhdCI6MTc0Njc0MDk1MywiZXhwIjoxNzQ2ODI3MzUzfQ.y98efE7dj_zTzMp2Cl937PvcNAA-KH1If-1OH3-BXtI
[2025-05-08T21:49:13.681Z] GET /css/style.css
[2025-05-08T21:49:13.704Z] POST /graphql
[2025-05-08T21:49:13.708Z] POST /graphql
[2025-05-08T21:49:15.421Z] GET /user/dashboard?token=eyJhbGciOiJIUzI1NiIsInR5cCI6IkpXVCJ9.eyJpZCI6IjY4MWQyMGRjYzI4MTVkYWJlZGJlNGM2ZSIsIm5hbWUiOiJBYmhpcmFtIiwiZW1haWwiOiJhYmhpa290aGFndW5kdUBnbWFpbC5jb20iLCJyb2xlIjoidXNlciIsImlhdCI6MTc0Njc0MDk1MywiZXhwIjoxNzQ2ODI3MzUzfQ.y98efE7dj_zTzMp2Cl937PvcNAA-KH1If-1OH3-BXtI
[2025-05-08T21:49:15.436Z] GET /css/style.css
[2025-05-08T21:49:15.454Z] POST /graphql
[2025-05-08T21:49:15.455Z] POST /graphql
[2025-05-08T21:49:19.368Z] GET /css/style.css
[2025-05-08T21:49:56.277Z] POST /graphql
[2025-05-08T21:49:56.363Z] GET /user/dashboard?token=eyJhbGciOiJIUzI1NiIsInR5cCI6IkpXVCJ9.eyJpZCI6IjY4MWQyMGRjYzI4MTVkYWJlZGJlNGM2ZSIsIm5hbWUiOiJBYmhpcmFtIiwiZW1haWwiOiJhYmhpa290aGFndW5kdUBnbWFpbC5jb20iLCJyb2xlIjoidXNlciIsImlhdCI6MTc0Njc0MDk5NiwiZXhwIjoxNzQ2ODI3Mzk2fQ.jSZaJ2P1jMYMF0sk7UtXKFDG7lfp-fZ9Neivzau7hn0
[2025-05-08T21:49:56.441Z] POST /graphql
[2025-05-08T21:49:56.445Z] POST /graphql
[2025-05-08T21:50:00.797Z] POST /graphql
[2025-05-08T21:50:00.870Z] GET /admin/dashboard?token=eyJhbGciOiJIUzI1NiIsInR5cCI6IkpXVCJ9.eyJpZCI6IjY4MWQyNmFiM2JkYjgwYzlhMzc5NjdiMCIsIm5hbWUiOiJhZG1pbjEiLCJlbWFpbCI6ImFkbWluMUBnbWFpbC5jb20iLCJyb2xlIjoiYWRtaW4iLCJpYXQiOjE3NDY3NDEwMDAsImV4cCI6MTc0NjgyNzQwMH0.lR29B-CYYYqLHUDuAmysEQW3MFGXSyn4EuNBnBtVxnc
[2025-05-08T21:50:00.954Z] POST /graphql
[2025-05-08T21:50:00.960Z] POST /graphql
[2025-05-08T21:50:52.717Z] GET /user/dashboard?token=eyJhbGciOiJIUzI1NiIsInR5cCI6IkpXVCJ9.eyJpZCI6IjY4MWQyMGRjYzI4MTVkYWJlZGJlNGM2ZSIsIm5hbWUiOiJBYmhpcmFtIiwiZW1haWwiOiJhYmhpa290aGFndW5kdUBnbWFpbC5jb20iLCJyb2xlIjoidXNlciIsImlhdCI6MTc0Njc0MDk5NiwiZXhwIjoxNzQ2ODI3Mzk2fQ.jSZaJ2P1jMYMF0sk7UtXKFDG7lfp-fZ9Neivzau7hn0
[2025-05-08T21:50:52.784Z] POST /graphql
[2025-05-08T21:50:52.801Z] POST /graphql
[2025-05-08T21:51:18.252Z] POST /graphql
[2025-05-08T21:52:39.346Z] GET /user/dashboard?token=eyJhbGciOiJIUzI1NiIsInR5cCI6IkpXVCJ9.eyJpZCI6IjY4MWQyMGRjYzI4MTVkYWJlZGJlNGM2ZSIsIm5hbWUiOiJBYmhpcmFtIiwiZW1haWwiOiJhYmhpa290aGFndW5kdUBnbWFpbC5jb20iLCJyb2xlIjoidXNlciIsImlhdCI6MTc0Njc0MDk5NiwiZXhwIjoxNzQ2ODI3Mzk2fQ.jSZaJ2P1jMYMF0sk7UtXKFDG7lfp-fZ9Neivzau7hn0
[2025-05-08T21:52:39.418Z] POST /graphql
[2025-05-08T21:52:39.428Z] POST /graphql
[2025-05-08T21:52:54.630Z] POST /graphql
[2025-05-08T21:53:52.748Z] GET /user/dashboard?token=eyJhbGciOiJIUzI1NiIsInR5cCI6IkpXVCJ9.eyJpZCI6IjY4MWQyMGRjYzI4MTVkYWJlZGJlNGM2ZSIsIm5hbWUiOiJBYmhpcmFtIiwiZW1haWwiOiJhYmhpa290aGFndW5kdUBnbWFpbC5jb20iLCJyb2xlIjoidXNlciIsImlhdCI6MTc0Njc0MDk5NiwiZXhwIjoxNzQ2ODI3Mzk2fQ.jSZaJ2P1jMYMF0sk7UtXKFDG7lfp-fZ9Neivzau7hn0
[2025-05-08T21:53:52.807Z] POST /graphql
[2025-05-08T21:53:52.817Z] POST /graphql
[2025-05-08T21:53:55.113Z] GET /user/dashboard?token=eyJhbGciOiJIUzI1NiIsInR5cCI6IkpXVCJ9.eyJpZCI6IjY4MWQyMGRjYzI4MTVkYWJlZGJlNGM2ZSIsIm5hbWUiOiJBYmhpcmFtIiwiZW1haWwiOiJhYmhpa290aGFndW5kdUBnbWFpbC5jb20iLCJyb2xlIjoidXNlciIsImlhdCI6MTc0Njc0MDk5NiwiZXhwIjoxNzQ2ODI3Mzk2fQ.jSZaJ2P1jMYMF0sk7UtXKFDG7lfp-fZ9Neivzau7hn0
[2025-05-08T21:53:55.155Z] POST /graphql
[2025-05-08T21:53:55.158Z] POST /graphql
[2025-05-08T21:53:56.932Z] GET /admin/dashboard?token=eyJhbGciOiJIUzI1NiIsInR5cCI6IkpXVCJ9.eyJpZCI6IjY4MWQyNmFiM2JkYjgwYzlhMzc5NjdiMCIsIm5hbWUiOiJhZG1pbjEiLCJlbWFpbCI6ImFkbWluMUBnbWFpbC5jb20iLCJyb2xlIjoiYWRtaW4iLCJpYXQiOjE3NDY3NDEwMDAsImV4cCI6MTc0NjgyNzQwMH0.lR29B-CYYYqLHUDuAmysEQW3MFGXSyn4EuNBnBtVxnc
[2025-05-08T21:53:56.985Z] POST /graphql
[2025-05-08T21:53:56.990Z] POST /graphql
[2025-05-08T21:55:17.698Z] GET /user/dashboard?token=eyJhbGciOiJIUzI1NiIsInR5cCI6IkpXVCJ9.eyJpZCI6IjY4MWQyMGRjYzI4MTVkYWJlZGJlNGM2ZSIsIm5hbWUiOiJBYmhpcmFtIiwiZW1haWwiOiJhYmhpa290aGFndW5kdUBnbWFpbC5jb20iLCJyb2xlIjoidXNlciIsImlhdCI6MTc0Njc0MDk5NiwiZXhwIjoxNzQ2ODI3Mzk2fQ.jSZaJ2P1jMYMF0sk7UtXKFDG7lfp-fZ9Neivzau7hn0
[2025-05-08T21:55:17.779Z] POST /graphql
[2025-05-08T21:55:17.792Z] POST /graphql
[2025-05-08T21:55:24.258Z] GET /admin/dashboard?token=eyJhbGciOiJIUzI1NiIsInR5cCI6IkpXVCJ9.eyJpZCI6IjY4MWQyNmFiM2JkYjgwYzlhMzc5NjdiMCIsIm5hbWUiOiJhZG1pbjEiLCJlbWFpbCI6ImFkbWluMUBnbWFpbC5jb20iLCJyb2xlIjoiYWRtaW4iLCJpYXQiOjE3NDY3NDEwMDAsImV4cCI6MTc0NjgyNzQwMH0.lR29B-CYYYqLHUDuAmysEQW3MFGXSyn4EuNBnBtVxnc
[2025-05-08T21:55:24.307Z] POST /graphql
[2025-05-08T21:55:24.316Z] POST /graphql
[2025-05-08T21:58:07.976Z] GET /user/dashboard?token=eyJhbGciOiJIUzI1NiIsInR5cCI6IkpXVCJ9.eyJpZCI6IjY4MWQyMGRjYzI4MTVkYWJlZGJlNGM2ZSIsIm5hbWUiOiJBYmhpcmFtIiwiZW1haWwiOiJhYmhpa290aGFndW5kdUBnbWFpbC5jb20iLCJyb2xlIjoidXNlciIsImlhdCI6MTc0Njc0MDk5NiwiZXhwIjoxNzQ2ODI3Mzk2fQ.jSZaJ2P1jMYMF0sk7UtXKFDG7lfp-fZ9Neivzau7hn0
[2025-05-08T21:58:08.046Z] POST /graphql
[2025-05-08T21:58:08.057Z] POST /graphql
[2025-05-08T21:58:09.623Z] GET /admin/dashboard?token=eyJhbGciOiJIUzI1NiIsInR5cCI6IkpXVCJ9.eyJpZCI6IjY4MWQyNmFiM2JkYjgwYzlhMzc5NjdiMCIsIm5hbWUiOiJhZG1pbjEiLCJlbWFpbCI6ImFkbWluMUBnbWFpbC5jb20iLCJyb2xlIjoiYWRtaW4iLCJpYXQiOjE3NDY3NDEwMDAsImV4cCI6MTc0NjgyNzQwMH0.lR29B-CYYYqLHUDuAmysEQW3MFGXSyn4EuNBnBtVxnc
[2025-05-08T21:58:09.664Z] POST /graphql
[2025-05-08T21:58:09.668Z] POST /graphql
[2025-05-08T21:58:12.324Z] GET /
[2025-05-08T21:58:19.726Z] POST /graphql
[2025-05-08T21:58:19.788Z] GET /admin/dashboard?token=eyJhbGciOiJIUzI1NiIsInR5cCI6IkpXVCJ9.eyJpZCI6IjY4MWQyNmFiM2JkYjgwYzlhMzc5NjdiMCIsIm5hbWUiOiJhZG1pbjEiLCJlbWFpbCI6ImFkbWluMUBnbWFpbC5jb20iLCJyb2xlIjoiYWRtaW4iLCJpYXQiOjE3NDY3NDE0OTksImV4cCI6MTc0NjgyNzg5OX0.eUAJQTv2iSnwrK16qqsFUrMMDR_TtOEzUstqEyKgqB4
[2025-05-08T21:58:19.865Z] POST /graphql
[2025-05-08T21:58:19.872Z] POST /graphql
[2025-05-08T21:58:22.158Z] GET /
[2025-05-08T21:58:24.727Z] POST /graphql
[2025-05-08T21:58:24.783Z] GET /user/dashboard?token=eyJhbGciOiJIUzI1NiIsInR5cCI6IkpXVCJ9.eyJpZCI6IjY4MWQyMGRjYzI4MTVkYWJlZGJlNGM2ZSIsIm5hbWUiOiJBYmhpcmFtIiwiZW1haWwiOiJhYmhpa290aGFndW5kdUBnbWFpbC5jb20iLCJyb2xlIjoidXNlciIsImlhdCI6MTc0Njc0MTUwNCwiZXhwIjoxNzQ2ODI3OTA0fQ.qWLZYrNoDigEIylxwMjj5EJZ7vs4glm5M0Ys9ScxKLU
[2025-05-08T21:58:24.840Z] POST /graphql
[2025-05-08T21:58:24.842Z] POST /graphql
[2025-05-08T21:58:25.905Z] GET /admin/dashboard?token=eyJhbGciOiJIUzI1NiIsInR5cCI6IkpXVCJ9.eyJpZCI6IjY4MWQyNmFiM2JkYjgwYzlhMzc5NjdiMCIsIm5hbWUiOiJhZG1pbjEiLCJlbWFpbCI6ImFkbWluMUBnbWFpbC5jb20iLCJyb2xlIjoiYWRtaW4iLCJpYXQiOjE3NDY3NDE0OTksImV4cCI6MTc0NjgyNzg5OX0.eUAJQTv2iSnwrK16qqsFUrMMDR_TtOEzUstqEyKgqB4
[2025-05-08T21:58:25.952Z] POST /graphql
[2025-05-08T21:58:25.955Z] POST /graphql
[2025-05-08T21:58:26.675Z] GET /user/dashboard?token=eyJhbGciOiJIUzI1NiIsInR5cCI6IkpXVCJ9.eyJpZCI6IjY4MWQyMGRjYzI4MTVkYWJlZGJlNGM2ZSIsIm5hbWUiOiJBYmhpcmFtIiwiZW1haWwiOiJhYmhpa290aGFndW5kdUBnbWFpbC5jb20iLCJyb2xlIjoidXNlciIsImlhdCI6MTc0Njc0MTUwNCwiZXhwIjoxNzQ2ODI3OTA0fQ.qWLZYrNoDigEIylxwMjj5EJZ7vs4glm5M0Ys9ScxKLU
[2025-05-08T21:58:26.715Z] POST /graphql
[2025-05-08T21:58:26.717Z] POST /graphql
[2025-05-08T21:58:32.756Z] POST /graphql
[2025-05-08T21:58:34.165Z] POST /graphql
[2025-05-08T21:58:45.849Z] POST /graphql
[2025-05-08T21:58:46.815Z] POST /graphql
[2025-05-08T21:58:52.184Z] POST /graphql
[2025-05-08T21:58:53.715Z] POST /graphql
[2025-05-08T21:59:05.749Z] GET /user/dashboard?token=eyJhbGciOiJIUzI1NiIsInR5cCI6IkpXVCJ9.eyJpZCI6IjY4MWQyMGRjYzI4MTVkYWJlZGJlNGM2ZSIsIm5hbWUiOiJBYmhpcmFtIiwiZW1haWwiOiJhYmhpa290aGFndW5kdUBnbWFpbC5jb20iLCJyb2xlIjoidXNlciIsImlhdCI6MTc0Njc0MTUwNCwiZXhwIjoxNzQ2ODI3OTA0fQ.qWLZYrNoDigEIylxwMjj5EJZ7vs4glm5M0Ys9ScxKLU
[2025-05-08T21:59:05.798Z] POST /graphql
[2025-05-08T21:59:05.799Z] POST /graphql
[2025-05-08T21:59:20.977Z] POST /graphql
[2025-05-08T22:00:42.190Z] GET /user/dashboard?token=eyJhbGciOiJIUzI1NiIsInR5cCI6IkpXVCJ9.eyJpZCI6IjY4MWQyMGRjYzI4MTVkYWJlZGJlNGM2ZSIsIm5hbWUiOiJBYmhpcmFtIiwiZW1haWwiOiJhYmhpa290aGFndW5kdUBnbWFpbC5jb20iLCJyb2xlIjoidXNlciIsImlhdCI6MTc0Njc0MTUwNCwiZXhwIjoxNzQ2ODI3OTA0fQ.qWLZYrNoDigEIylxwMjj5EJZ7vs4glm5M0Ys9ScxKLU
[2025-05-08T22:00:42.268Z] POST /graphql
[2025-05-08T22:00:42.284Z] POST /graphql
[2025-05-08T22:00:55.539Z] POST /graphql
[2025-05-08T22:02:18.627Z] GET /user/dashboard?token=eyJhbGciOiJIUzI1NiIsInR5cCI6IkpXVCJ9.eyJpZCI6IjY4MWQyMGRjYzI4MTVkYWJlZGJlNGM2ZSIsIm5hbWUiOiJBYmhpcmFtIiwiZW1haWwiOiJhYmhpa290aGFndW5kdUBnbWFpbC5jb20iLCJyb2xlIjoidXNlciIsImlhdCI6MTc0Njc0MTUwNCwiZXhwIjoxNzQ2ODI3OTA0fQ.qWLZYrNoDigEIylxwMjj5EJZ7vs4glm5M0Ys9ScxKLU
[2025-05-08T22:02:18.690Z] POST /graphql
[2025-05-08T22:02:18.702Z] POST /graphql
[2025-05-08T22:02:53.363Z] GET /user/dashboard?token=eyJhbGciOiJIUzI1NiIsInR5cCI6IkpXVCJ9.eyJpZCI6IjY4MWQyMGRjYzI4MTVkYWJlZGJlNGM2ZSIsIm5hbWUiOiJBYmhpcmFtIiwiZW1haWwiOiJhYmhpa290aGFndW5kdUBnbWFpbC5jb20iLCJyb2xlIjoidXNlciIsImlhdCI6MTc0Njc0MTUwNCwiZXhwIjoxNzQ2ODI3OTA0fQ.qWLZYrNoDigEIylxwMjj5EJZ7vs4glm5M0Ys9ScxKLU
[2025-05-08T22:02:53.404Z] POST /graphql
[2025-05-08T22:02:53.409Z] POST /graphql
[2025-05-08T22:02:54.872Z] GET /admin/dashboard?token=eyJhbGciOiJIUzI1NiIsInR5cCI6IkpXVCJ9.eyJpZCI6IjY4MWQyNmFiM2JkYjgwYzlhMzc5NjdiMCIsIm5hbWUiOiJhZG1pbjEiLCJlbWFpbCI6ImFkbWluMUBnbWFpbC5jb20iLCJyb2xlIjoiYWRtaW4iLCJpYXQiOjE3NDY3NDE0OTksImV4cCI6MTc0NjgyNzg5OX0.eUAJQTv2iSnwrK16qqsFUrMMDR_TtOEzUstqEyKgqB4
[2025-05-08T22:02:54.927Z] POST /graphql
[2025-05-08T22:02:54.932Z] POST /graphql
[2025-05-08T22:03:11.561Z] POST /graphql
[2025-05-08T22:03:14.761Z] POST /graphql
[2025-05-08T22:03:14.769Z] POST /graphql
[2025-05-08T22:03:19.571Z] GET /user/dashboard?token=eyJhbGciOiJIUzI1NiIsInR5cCI6IkpXVCJ9.eyJpZCI6IjY4MWQyMGRjYzI4MTVkYWJlZGJlNGM2ZSIsIm5hbWUiOiJBYmhpcmFtIiwiZW1haWwiOiJhYmhpa290aGFndW5kdUBnbWFpbC5jb20iLCJyb2xlIjoidXNlciIsImlhdCI6MTc0Njc0MTUwNCwiZXhwIjoxNzQ2ODI3OTA0fQ.qWLZYrNoDigEIylxwMjj5EJZ7vs4glm5M0Ys9ScxKLU
[2025-05-08T22:03:19.613Z] POST /graphql
[2025-05-08T22:03:19.616Z] POST /graphql
[2025-05-08T22:03:47.087Z] GET /admin/dashboard?token=eyJhbGciOiJIUzI1NiIsInR5cCI6IkpXVCJ9.eyJpZCI6IjY4MWQyNmFiM2JkYjgwYzlhMzc5NjdiMCIsIm5hbWUiOiJhZG1pbjEiLCJlbWFpbCI6ImFkbWluMUBnbWFpbC5jb20iLCJyb2xlIjoiYWRtaW4iLCJpYXQiOjE3NDY3NDE0OTksImV4cCI6MTc0NjgyNzg5OX0.eUAJQTv2iSnwrK16qqsFUrMMDR_TtOEzUstqEyKgqB4
[2025-05-08T22:03:47.147Z] POST /graphql
[2025-05-08T22:03:47.153Z] POST /graphql
[2025-05-08T22:05:51.350Z] GET /user/dashboard?token=eyJhbGciOiJIUzI1NiIsInR5cCI6IkpXVCJ9.eyJpZCI6IjY4MWQyMGRjYzI4MTVkYWJlZGJlNGM2ZSIsIm5hbWUiOiJBYmhpcmFtIiwiZW1haWwiOiJhYmhpa290aGFndW5kdUBnbWFpbC5jb20iLCJyb2xlIjoidXNlciIsImlhdCI6MTc0Njc0MTUwNCwiZXhwIjoxNzQ2ODI3OTA0fQ.qWLZYrNoDigEIylxwMjj5EJZ7vs4glm5M0Ys9ScxKLU
[2025-05-08T22:05:51.468Z] POST /graphql
[2025-05-08T22:05:51.514Z] POST /graphql
[2025-05-08T22:05:54.010Z] GET /admin/dashboard?token=eyJhbGciOiJIUzI1NiIsInR5cCI6IkpXVCJ9.eyJpZCI6IjY4MWQyNmFiM2JkYjgwYzlhMzc5NjdiMCIsIm5hbWUiOiJhZG1pbjEiLCJlbWFpbCI6ImFkbWluMUBnbWFpbC5jb20iLCJyb2xlIjoiYWRtaW4iLCJpYXQiOjE3NDY3NDE0OTksImV4cCI6MTc0NjgyNzg5OX0.eUAJQTv2iSnwrK16qqsFUrMMDR_TtOEzUstqEyKgqB4
[2025-05-08T22:05:54.070Z] POST /graphql
[2025-05-08T22:05:54.076Z] POST /graphql
[2025-05-08T22:06:02.015Z] GET /admin/dashboard?token=eyJhbGciOiJIUzI1NiIsInR5cCI6IkpXVCJ9.eyJpZCI6IjY4MWQyNmFiM2JkYjgwYzlhMzc5NjdiMCIsIm5hbWUiOiJhZG1pbjEiLCJlbWFpbCI6ImFkbWluMUBnbWFpbC5jb20iLCJyb2xlIjoiYWRtaW4iLCJpYXQiOjE3NDY3NDE0OTksImV4cCI6MTc0NjgyNzg5OX0.eUAJQTv2iSnwrK16qqsFUrMMDR_TtOEzUstqEyKgqB4
[2025-05-08T22:06:02.083Z] POST /graphql
[2025-05-08T22:06:02.102Z] POST /graphql
[2025-05-08T22:06:02.294Z] GET /admin/dashboard?token=eyJhbGciOiJIUzI1NiIsInR5cCI6IkpXVCJ9.eyJpZCI6IjY4MWQyNmFiM2JkYjgwYzlhMzc5NjdiMCIsIm5hbWUiOiJhZG1pbjEiLCJlbWFpbCI6ImFkbWluMUBnbWFpbC5jb20iLCJyb2xlIjoiYWRtaW4iLCJpYXQiOjE3NDY3NDE0OTksImV4cCI6MTc0NjgyNzg5OX0.eUAJQTv2iSnwrK16qqsFUrMMDR_TtOEzUstqEyKgqB4
[2025-05-08T22:06:02.362Z] POST /graphql
[2025-05-08T22:06:02.364Z] POST /graphql
[2025-05-08T22:06:03.284Z] GET /user/dashboard?token=eyJhbGciOiJIUzI1NiIsInR5cCI6IkpXVCJ9.eyJpZCI6IjY4MWQyMGRjYzI4MTVkYWJlZGJlNGM2ZSIsIm5hbWUiOiJBYmhpcmFtIiwiZW1haWwiOiJhYmhpa290aGFndW5kdUBnbWFpbC5jb20iLCJyb2xlIjoidXNlciIsImlhdCI6MTc0Njc0MTUwNCwiZXhwIjoxNzQ2ODI3OTA0fQ.qWLZYrNoDigEIylxwMjj5EJZ7vs4glm5M0Ys9ScxKLU
[2025-05-08T22:06:03.341Z] POST /graphql
[2025-05-08T22:06:03.345Z] POST /graphql
[2025-05-08T22:06:13.263Z] POST /graphql
[2025-05-08T22:06:14.882Z] POST /graphql
[2025-05-08T22:06:15.609Z] GET /user/dashboard?token=eyJhbGciOiJIUzI1NiIsInR5cCI6IkpXVCJ9.eyJpZCI6IjY4MWQyMGRjYzI4MTVkYWJlZGJlNGM2ZSIsIm5hbWUiOiJBYmhpcmFtIiwiZW1haWwiOiJhYmhpa290aGFndW5kdUBnbWFpbC5jb20iLCJyb2xlIjoidXNlciIsImlhdCI6MTc0Njc0MTUwNCwiZXhwIjoxNzQ2ODI3OTA0fQ.qWLZYrNoDigEIylxwMjj5EJZ7vs4glm5M0Ys9ScxKLU
[2025-05-08T22:06:15.677Z] POST /graphql
[2025-05-08T22:06:15.684Z] POST /graphql
[2025-05-08T22:06:16.987Z] GET /user/dashboard?token=eyJhbGciOiJIUzI1NiIsInR5cCI6IkpXVCJ9.eyJpZCI6IjY4MWQyMGRjYzI4MTVkYWJlZGJlNGM2ZSIsIm5hbWUiOiJBYmhpcmFtIiwiZW1haWwiOiJhYmhpa290aGFndW5kdUBnbWFpbC5jb20iLCJyb2xlIjoidXNlciIsImlhdCI6MTc0Njc0MTUwNCwiZXhwIjoxNzQ2ODI3OTA0fQ.qWLZYrNoDigEIylxwMjj5EJZ7vs4glm5M0Ys9ScxKLU
[2025-05-08T22:06:17.059Z] POST /graphql
[2025-05-08T22:06:17.062Z] POST /graphql
[2025-05-08T22:06:17.236Z] GET /user/dashboard?token=eyJhbGciOiJIUzI1NiIsInR5cCI6IkpXVCJ9.eyJpZCI6IjY4MWQyMGRjYzI4MTVkYWJlZGJlNGM2ZSIsIm5hbWUiOiJBYmhpcmFtIiwiZW1haWwiOiJhYmhpa290aGFndW5kdUBnbWFpbC5jb20iLCJyb2xlIjoidXNlciIsImlhdCI6MTc0Njc0MTUwNCwiZXhwIjoxNzQ2ODI3OTA0fQ.qWLZYrNoDigEIylxwMjj5EJZ7vs4glm5M0Ys9ScxKLU
[2025-05-08T22:06:17.297Z] POST /graphql
[2025-05-08T22:06:17.300Z] POST /graphql
[2025-05-08T22:06:18.825Z] GET /admin/dashboard?token=eyJhbGciOiJIUzI1NiIsInR5cCI6IkpXVCJ9.eyJpZCI6IjY4MWQyNmFiM2JkYjgwYzlhMzc5NjdiMCIsIm5hbWUiOiJhZG1pbjEiLCJlbWFpbCI6ImFkbWluMUBnbWFpbC5jb20iLCJyb2xlIjoiYWRtaW4iLCJpYXQiOjE3NDY3NDE0OTksImV4cCI6MTc0NjgyNzg5OX0.eUAJQTv2iSnwrK16qqsFUrMMDR_TtOEzUstqEyKgqB4
[2025-05-08T22:06:18.872Z] POST /graphql
[2025-05-08T22:06:18.875Z] POST /graphql
[2025-05-08T22:07:12.385Z] GET /admin/dashboard?token=eyJhbGciOiJIUzI1NiIsInR5cCI6IkpXVCJ9.eyJpZCI6IjY4MWQyNmFiM2JkYjgwYzlhMzc5NjdiMCIsIm5hbWUiOiJhZG1pbjEiLCJlbWFpbCI6ImFkbWluMUBnbWFpbC5jb20iLCJyb2xlIjoiYWRtaW4iLCJpYXQiOjE3NDY3NDE0OTksImV4cCI6MTc0NjgyNzg5OX0.eUAJQTv2iSnwrK16qqsFUrMMDR_TtOEzUstqEyKgqB4
[2025-05-08T22:07:12.466Z] POST /graphql
[2025-05-08T22:07:12.481Z] POST /graphql
[2025-05-08T22:07:18.399Z] POST /graphql
[2025-05-08T22:07:19.378Z] POST /graphql
[2025-05-08T22:07:23.882Z] POST /graphql
[2025-05-08T22:07:24.876Z] POST /graphql
[2025-05-08T22:07:38.830Z] GET /user/dashboard?token=eyJhbGciOiJIUzI1NiIsInR5cCI6IkpXVCJ9.eyJpZCI6IjY4MWQyMGRjYzI4MTVkYWJlZGJlNGM2ZSIsIm5hbWUiOiJBYmhpcmFtIiwiZW1haWwiOiJhYmhpa290aGFndW5kdUBnbWFpbC5jb20iLCJyb2xlIjoidXNlciIsImlhdCI6MTc0Njc0MTUwNCwiZXhwIjoxNzQ2ODI3OTA0fQ.qWLZYrNoDigEIylxwMjj5EJZ7vs4glm5M0Ys9ScxKLU
[2025-05-08T22:07:38.919Z] POST /graphql
[2025-05-08T22:07:38.925Z] POST /graphql
[2025-05-08T22:07:48.890Z] POST /graphql
[2025-05-08T22:07:50.285Z] POST /graphql
[2025-05-08T22:07:50.291Z] POST /graphql
[2025-05-08T22:07:52.402Z] GET /admin/dashboard?token=eyJhbGciOiJIUzI1NiIsInR5cCI6IkpXVCJ9.eyJpZCI6IjY4MWQyNmFiM2JkYjgwYzlhMzc5NjdiMCIsIm5hbWUiOiJhZG1pbjEiLCJlbWFpbCI6ImFkbWluMUBnbWFpbC5jb20iLCJyb2xlIjoiYWRtaW4iLCJpYXQiOjE3NDY3NDE0OTksImV4cCI6MTc0NjgyNzg5OX0.eUAJQTv2iSnwrK16qqsFUrMMDR_TtOEzUstqEyKgqB4
[2025-05-08T22:07:52.461Z] POST /graphql
[2025-05-08T22:07:52.467Z] POST /graphql
[2025-05-08T22:07:56.825Z] POST /graphql
[2025-05-08T22:07:57.889Z] POST /graphql
[2025-05-08T22:07:57.897Z] POST /graphql
[2025-05-08T22:07:59.679Z] GET /admin/dashboard?token=eyJhbGciOiJIUzI1NiIsInR5cCI6IkpXVCJ9.eyJpZCI6IjY4MWQyNmFiM2JkYjgwYzlhMzc5NjdiMCIsIm5hbWUiOiJhZG1pbjEiLCJlbWFpbCI6ImFkbWluMUBnbWFpbC5jb20iLCJyb2xlIjoiYWRtaW4iLCJpYXQiOjE3NDY3NDE0OTksImV4cCI6MTc0NjgyNzg5OX0.eUAJQTv2iSnwrK16qqsFUrMMDR_TtOEzUstqEyKgqB4
[2025-05-08T22:07:59.775Z] POST /graphql
[2025-05-08T22:07:59.780Z] POST /graphql
[2025-05-08T22:10:04.677Z] GET /admin/dashboard?token=eyJhbGciOiJIUzI1NiIsInR5cCI6IkpXVCJ9.eyJpZCI6IjY4MWQyNmFiM2JkYjgwYzlhMzc5NjdiMCIsIm5hbWUiOiJhZG1pbjEiLCJlbWFpbCI6ImFkbWluMUBnbWFpbC5jb20iLCJyb2xlIjoiYWRtaW4iLCJpYXQiOjE3NDY3NDE0OTksImV4cCI6MTc0NjgyNzg5OX0.eUAJQTv2iSnwrK16qqsFUrMMDR_TtOEzUstqEyKgqB4
[2025-05-08T22:10:04.776Z] POST /graphql
[2025-05-08T22:10:04.790Z] POST /graphql
[2025-05-08T22:10:09.048Z] GET /user/dashboard?token=eyJhbGciOiJIUzI1NiIsInR5cCI6IkpXVCJ9.eyJpZCI6IjY4MWQyMGRjYzI4MTVkYWJlZGJlNGM2ZSIsIm5hbWUiOiJBYmhpcmFtIiwiZW1haWwiOiJhYmhpa290aGFndW5kdUBnbWFpbC5jb20iLCJyb2xlIjoidXNlciIsImlhdCI6MTc0Njc0MTUwNCwiZXhwIjoxNzQ2ODI3OTA0fQ.qWLZYrNoDigEIylxwMjj5EJZ7vs4glm5M0Ys9ScxKLU
[2025-05-08T22:10:09.087Z] POST /graphql
[2025-05-08T22:10:09.089Z] POST /graphql
[2025-05-08T22:10:24.732Z] POST /graphql
[2025-05-08T22:10:25.847Z] POST /graphql
[2025-05-08T22:10:27.637Z] GET /user/dashboard?token=eyJhbGciOiJIUzI1NiIsInR5cCI6IkpXVCJ9.eyJpZCI6IjY4MWQyMGRjYzI4MTVkYWJlZGJlNGM2ZSIsIm5hbWUiOiJBYmhpcmFtIiwiZW1haWwiOiJhYmhpa290aGFndW5kdUBnbWFpbC5jb20iLCJyb2xlIjoidXNlciIsImlhdCI6MTc0Njc0MTUwNCwiZXhwIjoxNzQ2ODI3OTA0fQ.qWLZYrNoDigEIylxwMjj5EJZ7vs4glm5M0Ys9ScxKLU
[2025-05-08T22:10:27.680Z] POST /graphql
[2025-05-08T22:10:27.682Z] POST /graphql
[2025-05-08T22:10:38.044Z] POST /graphql
[2025-05-08T22:10:58.000Z] POST /graphql
[2025-05-08T22:10:59.467Z] POST /graphql
[2025-05-08T22:10:59.476Z] POST /graphql
[2025-05-08T22:11:01.195Z] GET /admin/dashboard?token=eyJhbGciOiJIUzI1NiIsInR5cCI6IkpXVCJ9.eyJpZCI6IjY4MWQyNmFiM2JkYjgwYzlhMzc5NjdiMCIsIm5hbWUiOiJhZG1pbjEiLCJlbWFpbCI6ImFkbWluMUBnbWFpbC5jb20iLCJyb2xlIjoiYWRtaW4iLCJpYXQiOjE3NDY3NDE0OTksImV4cCI6MTc0NjgyNzg5OX0.eUAJQTv2iSnwrK16qqsFUrMMDR_TtOEzUstqEyKgqB4
[2025-05-08T22:11:01.248Z] POST /graphql
[2025-05-08T22:11:01.256Z] POST /graphql
[2025-05-08T22:11:03.528Z] GET /admin/dashboard?token=eyJhbGciOiJIUzI1NiIsInR5cCI6IkpXVCJ9.eyJpZCI6IjY4MWQyNmFiM2JkYjgwYzlhMzc5NjdiMCIsIm5hbWUiOiJhZG1pbjEiLCJlbWFpbCI6ImFkbWluMUBnbWFpbC5jb20iLCJyb2xlIjoiYWRtaW4iLCJpYXQiOjE3NDY3NDE0OTksImV4cCI6MTc0NjgyNzg5OX0.eUAJQTv2iSnwrK16qqsFUrMMDR_TtOEzUstqEyKgqB4
[2025-05-08T22:11:03.579Z] POST /graphql
[2025-05-08T22:11:03.582Z] POST /graphql
[2025-05-08T22:14:07.951Z] GET /admin/dashboard?token=eyJhbGciOiJIUzI1NiIsInR5cCI6IkpXVCJ9.eyJpZCI6IjY4MWQyNmFiM2JkYjgwYzlhMzc5NjdiMCIsIm5hbWUiOiJhZG1pbjEiLCJlbWFpbCI6ImFkbWluMUBnbWFpbC5jb20iLCJyb2xlIjoiYWRtaW4iLCJpYXQiOjE3NDY3NDE0OTksImV4cCI6MTc0NjgyNzg5OX0.eUAJQTv2iSnwrK16qqsFUrMMDR_TtOEzUstqEyKgqB4
[2025-05-08T22:14:08.051Z] POST /graphql
[2025-05-08T22:14:08.062Z] POST /graphql
[2025-05-08T22:14:31.908Z] GET /admin/dashboard?token=eyJhbGciOiJIUzI1NiIsInR5cCI6IkpXVCJ9.eyJpZCI6IjY4MWQyNmFiM2JkYjgwYzlhMzc5NjdiMCIsIm5hbWUiOiJhZG1pbjEiLCJlbWFpbCI6ImFkbWluMUBnbWFpbC5jb20iLCJyb2xlIjoiYWRtaW4iLCJpYXQiOjE3NDY3NDE0OTksImV4cCI6MTc0NjgyNzg5OX0.eUAJQTv2iSnwrK16qqsFUrMMDR_TtOEzUstqEyKgqB4
[2025-05-08T22:14:31.956Z] POST /graphql
[2025-05-08T22:14:31.961Z] POST /graphql
[2025-05-08T22:14:33.457Z] GET /user/dashboard?token=eyJhbGciOiJIUzI1NiIsInR5cCI6IkpXVCJ9.eyJpZCI6IjY4MWQyMGRjYzI4MTVkYWJlZGJlNGM2ZSIsIm5hbWUiOiJBYmhpcmFtIiwiZW1haWwiOiJhYmhpa290aGFndW5kdUBnbWFpbC5jb20iLCJyb2xlIjoidXNlciIsImlhdCI6MTc0Njc0MTUwNCwiZXhwIjoxNzQ2ODI3OTA0fQ.qWLZYrNoDigEIylxwMjj5EJZ7vs4glm5M0Ys9ScxKLU
[2025-05-08T22:14:33.500Z] POST /graphql
[2025-05-08T22:14:33.504Z] POST /graphql
[2025-05-08T22:15:55.491Z] GET /admin/dashboard?token=eyJhbGciOiJIUzI1NiIsInR5cCI6IkpXVCJ9.eyJpZCI6IjY4MWQyNmFiM2JkYjgwYzlhMzc5NjdiMCIsIm5hbWUiOiJhZG1pbjEiLCJlbWFpbCI6ImFkbWluMUBnbWFpbC5jb20iLCJyb2xlIjoiYWRtaW4iLCJpYXQiOjE3NDY3NDE0OTksImV4cCI6MTc0NjgyNzg5OX0.eUAJQTv2iSnwrK16qqsFUrMMDR_TtOEzUstqEyKgqB4
[2025-05-08T22:15:55.568Z] POST /graphql
[2025-05-08T22:15:55.603Z] POST /graphql
[2025-05-08T22:17:20.977Z] GET /admin/dashboard?token=eyJhbGciOiJIUzI1NiIsInR5cCI6IkpXVCJ9.eyJpZCI6IjY4MWQyNmFiM2JkYjgwYzlhMzc5NjdiMCIsIm5hbWUiOiJhZG1pbjEiLCJlbWFpbCI6ImFkbWluMUBnbWFpbC5jb20iLCJyb2xlIjoiYWRtaW4iLCJpYXQiOjE3NDY3NDE0OTksImV4cCI6MTc0NjgyNzg5OX0.eUAJQTv2iSnwrK16qqsFUrMMDR_TtOEzUstqEyKgqB4
[2025-05-08T22:17:21.144Z] POST /graphql
[2025-05-08T22:17:21.170Z] POST /graphql
[2025-05-08T22:17:26.538Z] GET /user/dashboard?token=eyJhbGciOiJIUzI1NiIsInR5cCI6IkpXVCJ9.eyJpZCI6IjY4MWQyMGRjYzI4MTVkYWJlZGJlNGM2ZSIsIm5hbWUiOiJBYmhpcmFtIiwiZW1haWwiOiJhYmhpa290aGFndW5kdUBnbWFpbC5jb20iLCJyb2xlIjoidXNlciIsImlhdCI6MTc0Njc0MTUwNCwiZXhwIjoxNzQ2ODI3OTA0fQ.qWLZYrNoDigEIylxwMjj5EJZ7vs4glm5M0Ys9ScxKLU
[2025-05-08T22:17:26.581Z] POST /graphql
[2025-05-08T22:17:26.584Z] POST /graphql
[2025-05-08T22:29:36.786Z] GET /admin/dashboard?token=eyJhbGciOiJIUzI1NiIsInR5cCI6IkpXVCJ9.eyJpZCI6IjY4MWQyNmFiM2JkYjgwYzlhMzc5NjdiMCIsIm5hbWUiOiJhZG1pbjEiLCJlbWFpbCI6ImFkbWluMUBnbWFpbC5jb20iLCJyb2xlIjoiYWRtaW4iLCJpYXQiOjE3NDY3NDE0OTksImV4cCI6MTc0NjgyNzg5OX0.eUAJQTv2iSnwrK16qqsFUrMMDR_TtOEzUstqEyKgqB4
[2025-05-08T22:29:36.849Z] POST /graphql
[2025-05-08T22:29:36.877Z] POST /graphql
[2025-05-08T22:29:42.917Z] GET /user/dashboard?token=eyJhbGciOiJIUzI1NiIsInR5cCI6IkpXVCJ9.eyJpZCI6IjY4MWQyMGRjYzI4MTVkYWJlZGJlNGM2ZSIsIm5hbWUiOiJBYmhpcmFtIiwiZW1haWwiOiJhYmhpa290aGFndW5kdUBnbWFpbC5jb20iLCJyb2xlIjoidXNlciIsImlhdCI6MTc0Njc0MTUwNCwiZXhwIjoxNzQ2ODI3OTA0fQ.qWLZYrNoDigEIylxwMjj5EJZ7vs4glm5M0Ys9ScxKLU
[2025-05-08T22:29:42.970Z] POST /graphql
[2025-05-08T22:29:42.976Z] POST /graphql
[2025-05-08T22:29:55.014Z] POST /graphql
[2025-05-08T22:29:56.553Z] POST /graphql
[2025-05-08T22:30:02.791Z] POST /graphql
[2025-05-08T22:30:04.074Z] POST /graphql
[2025-05-08T22:30:08.163Z] GET /user/dashboard?token=eyJhbGciOiJIUzI1NiIsInR5cCI6IkpXVCJ9.eyJpZCI6IjY4MWQyMGRjYzI4MTVkYWJlZGJlNGM2ZSIsIm5hbWUiOiJBYmhpcmFtIiwiZW1haWwiOiJhYmhpa290aGFndW5kdUBnbWFpbC5jb20iLCJyb2xlIjoidXNlciIsImlhdCI6MTc0Njc0MTUwNCwiZXhwIjoxNzQ2ODI3OTA0fQ.qWLZYrNoDigEIylxwMjj5EJZ7vs4glm5M0Ys9ScxKLU
[2025-05-08T22:30:08.207Z] POST /graphql
[2025-05-08T22:30:08.211Z] POST /graphql
[2025-05-08T22:30:25.178Z] POST /graphql/upload
[2025-05-08T22:30:25.186Z] POST /graphql
[2025-05-08T22:30:26.612Z] POST /graphql
[2025-05-08T22:30:26.625Z] POST /graphql
[2025-05-08T22:30:30.143Z] GET /user/dashboard?token=eyJhbGciOiJIUzI1NiIsInR5cCI6IkpXVCJ9.eyJpZCI6IjY4MWQyMGRjYzI4MTVkYWJlZGJlNGM2ZSIsIm5hbWUiOiJBYmhpcmFtIiwiZW1haWwiOiJhYmhpa290aGFndW5kdUBnbWFpbC5jb20iLCJyb2xlIjoidXNlciIsImlhdCI6MTc0Njc0MTUwNCwiZXhwIjoxNzQ2ODI3OTA0fQ.qWLZYrNoDigEIylxwMjj5EJZ7vs4glm5M0Ys9ScxKLU
[2025-05-08T22:30:30.195Z] POST /graphql
[2025-05-08T22:30:30.198Z] POST /graphql
[2025-05-08T22:30:32.472Z] GET /admin/dashboard?token=eyJhbGciOiJIUzI1NiIsInR5cCI6IkpXVCJ9.eyJpZCI6IjY4MWQyNmFiM2JkYjgwYzlhMzc5NjdiMCIsIm5hbWUiOiJhZG1pbjEiLCJlbWFpbCI6ImFkbWluMUBnbWFpbC5jb20iLCJyb2xlIjoiYWRtaW4iLCJpYXQiOjE3NDY3NDE0OTksImV4cCI6MTc0NjgyNzg5OX0.eUAJQTv2iSnwrK16qqsFUrMMDR_TtOEzUstqEyKgqB4
[2025-05-08T22:30:32.522Z] POST /graphql
[2025-05-08T22:30:32.525Z] POST /graphql
[2025-05-08T22:32:31.985Z] GET /admin/dashboard?token=eyJhbGciOiJIUzI1NiIsInR5cCI6IkpXVCJ9.eyJpZCI6IjY4MWQyNmFiM2JkYjgwYzlhMzc5NjdiMCIsIm5hbWUiOiJhZG1pbjEiLCJlbWFpbCI6ImFkbWluMUBnbWFpbC5jb20iLCJyb2xlIjoiYWRtaW4iLCJpYXQiOjE3NDY3NDE0OTksImV4cCI6MTc0NjgyNzg5OX0.eUAJQTv2iSnwrK16qqsFUrMMDR_TtOEzUstqEyKgqB4
[2025-05-08T22:32:32.039Z] POST /graphql
[2025-05-08T22:32:32.065Z] POST /graphql
[2025-05-08T22:33:00.498Z] GET /admin/dashboard?token=eyJhbGciOiJIUzI1NiIsInR5cCI6IkpXVCJ9.eyJpZCI6IjY4MWQyNmFiM2JkYjgwYzlhMzc5NjdiMCIsIm5hbWUiOiJhZG1pbjEiLCJlbWFpbCI6ImFkbWluMUBnbWFpbC5jb20iLCJyb2xlIjoiYWRtaW4iLCJpYXQiOjE3NDY3NDE0OTksImV4cCI6MTc0NjgyNzg5OX0.eUAJQTv2iSnwrK16qqsFUrMMDR_TtOEzUstqEyKgqB4
[2025-05-08T22:33:00.526Z] POST /graphql
[2025-05-08T22:33:00.533Z] POST /graphql
[2025-05-08T22:33:22.009Z] GET /admin/dashboard?token=eyJhbGciOiJIUzI1NiIsInR5cCI6IkpXVCJ9.eyJpZCI6IjY4MWQyNmFiM2JkYjgwYzlhMzc5NjdiMCIsIm5hbWUiOiJhZG1pbjEiLCJlbWFpbCI6ImFkbWluMUBnbWFpbC5jb20iLCJyb2xlIjoiYWRtaW4iLCJpYXQiOjE3NDY3NDE0OTksImV4cCI6MTc0NjgyNzg5OX0.eUAJQTv2iSnwrK16qqsFUrMMDR_TtOEzUstqEyKgqB4
[2025-05-08T22:33:22.042Z] POST /graphql
[2025-05-08T22:33:22.045Z] POST /graphql
[2025-05-08T22:33:24.859Z] GET /admin/dashboard?token=eyJhbGciOiJIUzI1NiIsInR5cCI6IkpXVCJ9.eyJpZCI6IjY4MWQyNmFiM2JkYjgwYzlhMzc5NjdiMCIsIm5hbWUiOiJhZG1pbjEiLCJlbWFpbCI6ImFkbWluMUBnbWFpbC5jb20iLCJyb2xlIjoiYWRtaW4iLCJpYXQiOjE3NDY3NDE0OTksImV4cCI6MTc0NjgyNzg5OX0.eUAJQTv2iSnwrK16qqsFUrMMDR_TtOEzUstqEyKgqB4
[2025-05-08T22:33:24.884Z] POST /graphql
[2025-05-08T22:33:24.887Z] POST /graphql
[2025-05-08T22:33:44.998Z] GET /admin/dashboard?token=eyJhbGciOiJIUzI1NiIsInR5cCI6IkpXVCJ9.eyJpZCI6IjY4MWQyNmFiM2JkYjgwYzlhMzc5NjdiMCIsIm5hbWUiOiJhZG1pbjEiLCJlbWFpbCI6ImFkbWluMUBnbWFpbC5jb20iLCJyb2xlIjoiYWRtaW4iLCJpYXQiOjE3NDY3NDE0OTksImV4cCI6MTc0NjgyNzg5OX0.eUAJQTv2iSnwrK16qqsFUrMMDR_TtOEzUstqEyKgqB4
[2025-05-08T22:33:45.021Z] POST /graphql
[2025-05-08T22:33:45.023Z] POST /graphql
[2025-05-08T22:33:46.979Z] GET /admin/dashboard?token=eyJhbGciOiJIUzI1NiIsInR5cCI6IkpXVCJ9.eyJpZCI6IjY4MWQyNmFiM2JkYjgwYzlhMzc5NjdiMCIsIm5hbWUiOiJhZG1pbjEiLCJlbWFpbCI6ImFkbWluMUBnbWFpbC5jb20iLCJyb2xlIjoiYWRtaW4iLCJpYXQiOjE3NDY3NDE0OTksImV4cCI6MTc0NjgyNzg5OX0.eUAJQTv2iSnwrK16qqsFUrMMDR_TtOEzUstqEyKgqB4
[2025-05-08T22:33:47.004Z] POST /graphql
[2025-05-08T22:33:47.007Z] POST /graphql
[2025-05-08T22:33:47.244Z] GET /admin/dashboard?token=eyJhbGciOiJIUzI1NiIsInR5cCI6IkpXVCJ9.eyJpZCI6IjY4MWQyNmFiM2JkYjgwYzlhMzc5NjdiMCIsIm5hbWUiOiJhZG1pbjEiLCJlbWFpbCI6ImFkbWluMUBnbWFpbC5jb20iLCJyb2xlIjoiYWRtaW4iLCJpYXQiOjE3NDY3NDE0OTksImV4cCI6MTc0NjgyNzg5OX0.eUAJQTv2iSnwrK16qqsFUrMMDR_TtOEzUstqEyKgqB4
[2025-05-08T22:33:47.271Z] POST /graphql
[2025-05-08T22:33:47.274Z] POST /graphql
[2025-05-08T22:33:47.475Z] GET /admin/dashboard?token=eyJhbGciOiJIUzI1NiIsInR5cCI6IkpXVCJ9.eyJpZCI6IjY4MWQyNmFiM2JkYjgwYzlhMzc5NjdiMCIsIm5hbWUiOiJhZG1pbjEiLCJlbWFpbCI6ImFkbWluMUBnbWFpbC5jb20iLCJyb2xlIjoiYWRtaW4iLCJpYXQiOjE3NDY3NDE0OTksImV4cCI6MTc0NjgyNzg5OX0.eUAJQTv2iSnwrK16qqsFUrMMDR_TtOEzUstqEyKgqB4
[2025-05-08T22:33:47.497Z] POST /graphql
[2025-05-08T22:33:47.500Z] POST /graphql
[2025-05-08T22:33:53.314Z] GET /admin/dashboard?token=eyJhbGciOiJIUzI1NiIsInR5cCI6IkpXVCJ9.eyJpZCI6IjY4MWQyNmFiM2JkYjgwYzlhMzc5NjdiMCIsIm5hbWUiOiJhZG1pbjEiLCJlbWFpbCI6ImFkbWluMUBnbWFpbC5jb20iLCJyb2xlIjoiYWRtaW4iLCJpYXQiOjE3NDY3NDE0OTksImV4cCI6MTc0NjgyNzg5OX0.eUAJQTv2iSnwrK16qqsFUrMMDR_TtOEzUstqEyKgqB4
[2025-05-08T22:33:53.354Z] POST /graphql
[2025-05-08T22:33:53.358Z] POST /graphql
[2025-05-08T22:34:09.699Z] GET /user/dashboard?token=eyJhbGciOiJIUzI1NiIsInR5cCI6IkpXVCJ9.eyJpZCI6IjY4MWQyMGRjYzI4MTVkYWJlZGJlNGM2ZSIsIm5hbWUiOiJBYmhpcmFtIiwiZW1haWwiOiJhYmhpa290aGFndW5kdUBnbWFpbC5jb20iLCJyb2xlIjoidXNlciIsImlhdCI6MTc0Njc0MTUwNCwiZXhwIjoxNzQ2ODI3OTA0fQ.qWLZYrNoDigEIylxwMjj5EJZ7vs4glm5M0Ys9ScxKLU
[2025-05-08T22:34:09.742Z] POST /graphql
[2025-05-08T22:34:09.748Z] POST /graphql
[2025-05-08T22:34:21.428Z] GET /admin/dashboard?token=eyJhbGciOiJIUzI1NiIsInR5cCI6IkpXVCJ9.eyJpZCI6IjY4MWQyNmFiM2JkYjgwYzlhMzc5NjdiMCIsIm5hbWUiOiJhZG1pbjEiLCJlbWFpbCI6ImFkbWluMUBnbWFpbC5jb20iLCJyb2xlIjoiYWRtaW4iLCJpYXQiOjE3NDY3NDE0OTksImV4cCI6MTc0NjgyNzg5OX0.eUAJQTv2iSnwrK16qqsFUrMMDR_TtOEzUstqEyKgqB4
[2025-05-08T22:34:21.488Z] POST /graphql
[2025-05-08T22:34:21.491Z] POST /graphql
[2025-05-08T22:34:44.750Z] POST /graphql
[2025-05-08T22:34:46.307Z] POST /graphql
[2025-05-08T22:35:05.065Z] GET /admin/dashboard?token=eyJhbGciOiJIUzI1NiIsInR5cCI6IkpXVCJ9.eyJpZCI6IjY4MWQyNmFiM2JkYjgwYzlhMzc5NjdiMCIsIm5hbWUiOiJhZG1pbjEiLCJlbWFpbCI6ImFkbWluMUBnbWFpbC5jb20iLCJyb2xlIjoiYWRtaW4iLCJpYXQiOjE3NDY3NDE0OTksImV4cCI6MTc0NjgyNzg5OX0.eUAJQTv2iSnwrK16qqsFUrMMDR_TtOEzUstqEyKgqB4
[2025-05-08T22:35:05.096Z] POST /graphql
[2025-05-08T22:35:05.099Z] POST /graphql
[2025-05-08T22:35:11.322Z] GET /admin/dashboard?token=eyJhbGciOiJIUzI1NiIsInR5cCI6IkpXVCJ9.eyJpZCI6IjY4MWQyNmFiM2JkYjgwYzlhMzc5NjdiMCIsIm5hbWUiOiJhZG1pbjEiLCJlbWFpbCI6ImFkbWluMUBnbWFpbC5jb20iLCJyb2xlIjoiYWRtaW4iLCJpYXQiOjE3NDY3NDE0OTksImV4cCI6MTc0NjgyNzg5OX0.eUAJQTv2iSnwrK16qqsFUrMMDR_TtOEzUstqEyKgqB4
[2025-05-08T22:35:11.358Z] POST /graphql
[2025-05-08T22:35:11.361Z] POST /graphql
[2025-05-08T22:35:12.732Z] GET /admin/dashboard?token=eyJhbGciOiJIUzI1NiIsInR5cCI6IkpXVCJ9.eyJpZCI6IjY4MWQyNmFiM2JkYjgwYzlhMzc5NjdiMCIsIm5hbWUiOiJhZG1pbjEiLCJlbWFpbCI6ImFkbWluMUBnbWFpbC5jb20iLCJyb2xlIjoiYWRtaW4iLCJpYXQiOjE3NDY3NDE0OTksImV4cCI6MTc0NjgyNzg5OX0.eUAJQTv2iSnwrK16qqsFUrMMDR_TtOEzUstqEyKgqB4
[2025-05-08T22:35:12.760Z] POST /graphql
[2025-05-08T22:35:12.762Z] POST /graphql
[2025-05-08T22:35:16.196Z] GET /admin/dashboard?token=eyJhbGciOiJIUzI1NiIsInR5cCI6IkpXVCJ9.eyJpZCI6IjY4MWQyNmFiM2JkYjgwYzlhMzc5NjdiMCIsIm5hbWUiOiJhZG1pbjEiLCJlbWFpbCI6ImFkbWluMUBnbWFpbC5jb20iLCJyb2xlIjoiYWRtaW4iLCJpYXQiOjE3NDY3NDE0OTksImV4cCI6MTc0NjgyNzg5OX0.eUAJQTv2iSnwrK16qqsFUrMMDR_TtOEzUstqEyKgqB4
[2025-05-08T22:35:16.218Z] POST /graphql
[2025-05-08T22:35:16.221Z] POST /graphql
[2025-05-08T22:35:34.359Z] GET /admin/dashboard?token=eyJhbGciOiJIUzI1NiIsInR5cCI6IkpXVCJ9.eyJpZCI6IjY4MWQyNmFiM2JkYjgwYzlhMzc5NjdiMCIsIm5hbWUiOiJhZG1pbjEiLCJlbWFpbCI6ImFkbWluMUBnbWFpbC5jb20iLCJyb2xlIjoiYWRtaW4iLCJpYXQiOjE3NDY3NDE0OTksImV4cCI6MTc0NjgyNzg5OX0.eUAJQTv2iSnwrK16qqsFUrMMDR_TtOEzUstqEyKgqB4
[2025-05-08T22:35:34.385Z] POST /graphql
[2025-05-08T22:35:34.387Z] POST /graphql
[2025-05-08T22:35:47.796Z] POST /graphql
[2025-05-08T22:35:49.188Z] POST /graphql
[2025-05-08T22:35:51.884Z] GET /user/dashboard?token=eyJhbGciOiJIUzI1NiIsInR5cCI6IkpXVCJ9.eyJpZCI6IjY4MWQyMGRjYzI4MTVkYWJlZGJlNGM2ZSIsIm5hbWUiOiJBYmhpcmFtIiwiZW1haWwiOiJhYmhpa290aGFndW5kdUBnbWFpbC5jb20iLCJyb2xlIjoidXNlciIsImlhdCI6MTc0Njc0MTUwNCwiZXhwIjoxNzQ2ODI3OTA0fQ.qWLZYrNoDigEIylxwMjj5EJZ7vs4glm5M0Ys9ScxKLU
[2025-05-08T22:35:51.918Z] POST /graphql
[2025-05-08T22:35:51.921Z] POST /graphql
[2025-05-08T22:36:03.285Z] POST /graphql/upload
[2025-05-08T22:36:03.295Z] POST /graphql
[2025-05-08T22:36:04.332Z] POST /graphql
[2025-05-08T22:36:04.338Z] POST /graphql
[2025-05-08T22:36:07.872Z] GET /admin/dashboard?token=eyJhbGciOiJIUzI1NiIsInR5cCI6IkpXVCJ9.eyJpZCI6IjY4MWQyNmFiM2JkYjgwYzlhMzc5NjdiMCIsIm5hbWUiOiJhZG1pbjEiLCJlbWFpbCI6ImFkbWluMUBnbWFpbC5jb20iLCJyb2xlIjoiYWRtaW4iLCJpYXQiOjE3NDY3NDE0OTksImV4cCI6MTc0NjgyNzg5OX0.eUAJQTv2iSnwrK16qqsFUrMMDR_TtOEzUstqEyKgqB4
[2025-05-08T22:36:07.924Z] POST /graphql
[2025-05-08T22:36:07.926Z] POST /graphql
